<?xml version="1.0" encoding="UTF-8"?>
<!-- Generated by org.testng.reporters.JUnitXMLReporter -->
<testsuite ignored="0" hostname="IN-HB8L473" failures="2" tests="17" name="TradeMe Sandbox - Login and Search Test Scenarios" time="247.959" errors="0" timestamp="13 Aug 2022 09:50:14 GMT">
  <testcase classname="com.ui.tests.UITests" name="validateByDefaultRemeberMeCheckBoxIsChecked" time="0.248"/>
  <testcase classname="com.ui.tests.UITests" name="validateAbleToUncheckRemeberMeCheckBox" time="0.247"/>
  <testcase classname="com.ui.tests.UITests" name="validCredentialsLogin" time="2.395"/>
  <testcase classname="com.ui.tests.UITests" name="InvalidCredentialsLogin" time="1.613"/>
  <testcase classname="com.ui.tests.UITests" name="validEmailInvalidPasswordLogin" time="1.431"/>
  <testcase classname="com.ui.tests.UITests" name="invalidEmailValidPasswordLogin" time="1.404"/>
  <testcase classname="com.ui.tests.UITests" name="emptyCredentialsLogin" time="1.322"/>
  <testcase classname="com.ui.tests.UITests" name="registerNowLinkWorks" time="4.649"/>
  <testcase classname="com.ui.tests.UITests" name="forgotPasswordLinkWorks" time="6.161"/>
  <testcase classname="com.ui.tests.UITests" name="cancelButtonWorks" time="4.097"/>
  <testcase classname="com.ui.tests.UITests" name="troubleLoggingInLinkWorks" time="13.861"/>
  <testcase classname="com.ui.tests.UITests" name="setupForSearchTest" time="15.682"/>
  <testcase classname="com.ui.tests.UITests" name="verifySearchForDifferentKeywords" time="36.493"/>
  <testcase classname="com.ui.tests.UITests" name="verifySearchForDifferentKeywords" time="30.911"/>
  <testcase classname="com.ui.tests.UITests" name="verifySearchForDifferentKeywords" time="28.458"/>
  <testcase classname="com.ui.tests.UITests" name="verifySearchForDifferentKeywords" time="38.096">
    <failure type="java.lang.AssertionError" message="No Items found for search keyword, Showing 0 results for &amp;quot;gfggfg&amp;quot; expected [true] but found [false]">
      <![CDATA[java.lang.AssertionError: No Items found for search keyword, Showing 0 results for "gfggfg" expected [true] but found [false]
at com.ui.tests.UITests.verifySearchForDifferentKeywords(UITests.java:136)
... Removed 31 stack frames]]>
    </failure>
  </testcase> <!-- verifySearchForDifferentKeywords -->
  <testcase classname="com.ui.tests.UITests" name="verifySell" time="39.373">
    <failure type="org.openqa.selenium.NoSuchElementException" message="no such element: Unable to locate element: {&amp;quot;method&amp;quot;:&amp;quot;css selector&amp;quot;,&amp;quot;selector&amp;quot;:&amp;quot;#listing\-title&amp;quot;}
  (Session info: chrome=104.0.5112.81)
For documentation on this error, please visit: http://seleniumhq.org/exceptions/no_such_element.html
Build info: version: &amp;apos;3.11.0&amp;apos;, revision: &amp;apos;e59cfb3&amp;apos;, time: &amp;apos;2018-03-11T20:26:55.152Z&amp;apos;
System info: host: &amp;apos;IN-HB8L473&amp;apos;, ip: &amp;apos;192.168.43.116&amp;apos;, os.name: &amp;apos;Windows 10&amp;apos;, os.arch: &amp;apos;amd64&amp;apos;, os.version: &amp;apos;10.0&amp;apos;, java.version: &amp;apos;11.0.5&amp;apos;
Driver info: org.openqa.selenium.chrome.ChromeDriver
Capabilities {acceptInsecureCerts: false, browserName: chrome, browserVersion: 104.0.5112.81, chrome: {chromedriverVersion: 104.0.5112.79 (3cf3e8c8a07d..., userDataDir: C:\Users\ROHITN~1\AppData\L...}, goog:chromeOptions: {debuggerAddress: localhost:59917}, javascriptEnabled: true, networkConnectionEnabled: false, pageLoadStrategy: normal, platform: WINDOWS, platformName: WINDOWS, proxy: Proxy(), setWindowRect: true, strictFileInteractability: false, timeouts: {implicit: 0, pageLoad: 300000, script: 30000}, unhandledPromptBehavior: dismiss and notify, webauthn:extension:credBlob: true, webauthn:extension:largeBlob: true, webauthn:virtualAuthenticators: true}
Session ID: a55a786aab197a16a7881dc62f7304fd
*** Element info: {Using=id, value=listing-title}">
      <![CDATA[org.openqa.selenium.NoSuchElementException: no such element: Unable to locate element: {"method":"css selector","selector":"#listing\-title"}
  (Session info: chrome=104.0.5112.81)
For documentation on this error, please visit: http://seleniumhq.org/exceptions/no_such_element.html
Build info: version: '3.11.0', revision: 'e59cfb3', time: '2018-03-11T20:26:55.152Z'
System info: host: 'IN-HB8L473', ip: '192.168.43.116', os.name: 'Windows 10', os.arch: 'amd64', os.version: '10.0', java.version: '11.0.5'
Driver info: org.openqa.selenium.chrome.ChromeDriver
Capabilities {acceptInsecureCerts: false, browserName: chrome, browserVersion: 104.0.5112.81, chrome: {chromedriverVersion: 104.0.5112.79 (3cf3e8c8a07d..., userDataDir: C:\Users\ROHITN~1\AppData\L...}, goog:chromeOptions: {debuggerAddress: localhost:59917}, javascriptEnabled: true, networkConnectionEnabled: false, pageLoadStrategy: normal, platform: WINDOWS, platformName: WINDOWS, proxy: Proxy(), setWindowRect: true, strictFileInteractability: false, timeouts: {implicit: 0, pageLoad: 300000, script: 30000}, unhandledPromptBehavior: dismiss and notify, webauthn:extension:credBlob: true, webauthn:extension:largeBlob: true, webauthn:virtualAuthenticators: true}
Session ID: a55a786aab197a16a7881dc62f7304fd
*** Element info: {Using=id, value=listing-title}
at org.openqa.selenium.remote.http.W3CHttpResponseCodec.createException(W3CHttpResponseCodec.java:187)
at org.openqa.selenium.remote.http.W3CHttpResponseCodec.decode(W3CHttpResponseCodec.java:122)
at org.openqa.selenium.remote.http.W3CHttpResponseCodec.decode(W3CHttpResponseCodec.java:49)
at org.openqa.selenium.remote.HttpCommandExecutor.execute(HttpCommandExecutor.java:158)
at org.openqa.selenium.remote.service.DriverCommandExecutor.execute(DriverCommandExecutor.java:83)
at org.openqa.selenium.remote.RemoteWebDriver.execute(RemoteWebDriver.java:545)
at org.openqa.selenium.remote.RemoteWebDriver.findElement(RemoteWebDriver.java:319)
at org.openqa.selenium.remote.RemoteWebDriver.findElementById(RemoteWebDriver.java:365)
at org.openqa.selenium.By$ById.findElement(By.java:218)
at org.openqa.selenium.remote.RemoteWebDriver.findElement(RemoteWebDriver.java:311)
at org.openqa.selenium.support.pagefactory.DefaultElementLocator.findElement(DefaultElementLocator.java:69)
at org.openqa.selenium.support.pagefactory.internal.LocatingElementHandler.invoke(LocatingElementHandler.java:38)
at com.sun.proxy.$Proxy9.clear(Unknown Source)
at com.ui.pages.TradeMe.enterListingTitle(TradeMe.java:49)
at com.ui.tests.UITests.verifySell(UITests.java:149)
... Removed 32 stack frames]]>
    </failure>
  </testcase> <!-- verifySell -->
</testsuite> <!-- TradeMe Sandbox - Login and Search Test Scenarios -->
